<?xml version="1.0" encoding="UTF-8"?>
<testsuite name="ReqResTests" tests="1" skipped="0" failures="0" errors="0" timestamp="2022-06-30T13:56:10" hostname="vale262268-11" time="2.385">
  <properties/>
  <testcase name="loginTest" classname="ReqResTests" time="2.385"/>
  <system-out><![CDATA[Request method:	POST
Request URI:	https://reqres.in/api/login
Proxy:			<none>
Request params:	<none>
Query params:	<none>
Form params:	<none>
Path params:	<none>
Headers:		Accept=*/*
				Content-Type=application/json; charset=UTF-8
Cookies:		<none>
Multiparts:		<none>
Body:
{
    "email": "eve.holt@reqres.in",
    "password": "cityslicka"
}
HTTP/1.1 200 OK
Date: Thu, 30 Jun 2022 13:56:13 GMT
Content-Type: application/json; charset=utf-8
Content-Length: 29
Connection: keep-alive
X-Powered-By: Express
Access-Control-Allow-Origin: *
Etag: W/"1d-lGCrvD6B7Qzk11+2C98+nGhhuec"
Via: 1.1 vegur
CF-Cache-Status: DYNAMIC
Expect-CT: max-age=604800, report-uri="https://report-uri.cloudflare.com/cdn-cgi/beacon/expect-ct"
Report-To: {"endpoints":[{"url":"https:\/\/a.nel.cloudflare.com\/report\/v3?s=gljC5k%2BHgehLX2hdQ4Z7FR2mPxy8pU7DQB6Wr7R6mnhQ7fUHg3r9S48skt%2BrrtmTfSaWtimX9S6mCd%2Fy12xmIlv8SpdoFI6I9hfv474taBY9rFHNkwK6H%2Fexrg%3D%3D"}],"group":"cf-nel","max_age":604800}
NEL: {"success_fraction":0,"report_to":"cf-nel","max_age":604800}
Server: cloudflare
CF-RAY: 7237676bcc0cda9a-BOG

{
    "token": "QpwL5tke4Pnpja7X4"
}
{"token":"QpwL5tke4Pnpja7X4"}
]]></system-out>
  <system-err><![CDATA[]]></system-err>
</testsuite>
